2019.09.08 10:39 B C:\amilton\definitivo\front\build\img\aniv01.png --> ftp.cota.com.br /public_html/docs/a/build/img aniv01.png
2019.09.08 10:39 B C:\amilton\definitivo\front\build\img\aniv02.png --> ftp.cota.com.br /public_html/docs/a/build/img aniv02.png
2019.09.08 10:39 B C:\amilton\definitivo\front\build\img\aniv03.png --> ftp.cota.com.br /public_html/docs/a/build/img aniv03.png
2019.09.08 10:39 B C:\amilton\definitivo\front\build\img\aniv04.png --> ftp.cota.com.br /public_html/docs/a/build/img aniv04.png
2019.09.08 10:39 B C:\amilton\definitivo\front\build\img\aniv05.png --> ftp.cota.com.br /public_html/docs/a/build/img aniv05.png
2019.09.08 10:39 B C:\amilton\definitivo\front\build\img\aniv06.png --> ftp.cota.com.br /public_html/docs/a/build/img aniv06.png
2019.09.08 10:39 B C:\amilton\definitivo\front\build\img\aniv07.png --> ftp.cota.com.br /public_html/docs/a/build/img aniv07.png
2019.09.08 10:39 B C:\amilton\definitivo\front\build\img\aniv08.png --> ftp.cota.com.br /public_html/docs/a/build/img aniv08.png
2019.09.08 10:39 B C:\amilton\definitivo\front\build\img\aniv09.png --> ftp.cota.com.br /public_html/docs/a/build/img aniv09.png
2019.09.08 10:39 B C:\amilton\definitivo\front\build\img\aniv10.png --> ftp.cota.com.br /public_html/docs/a/build/img aniv10.png
2019.09.08 10:39 B C:\amilton\definitivo\front\build\img\aniv11.png --> ftp.cota.com.br /public_html/docs/a/build/img aniv11.png
2019.09.08 10:39 B C:\amilton\definitivo\front\build\img\aniv12.png --> ftp.cota.com.br /public_html/docs/a/build/img aniv12.png
2019.09.08 10:39 B C:\amilton\definitivo\front\build\img\atlantico_fachada001.gif --> ftp.cota.com.br /public_html/docs/a/build/img atlantico_fachada001.gif
2019.09.08 10:39 B C:\amilton\definitivo\front\build\img\atlantico_logo.jpg --> ftp.cota.com.br /public_html/docs/a/build/img atlantico_logo.jpg
2019.09.08 10:39 B C:\amilton\definitivo\front\build\img\Avenida_Fachada.jpg --> ftp.cota.com.br /public_html/docs/a/build/img Avenida_Fachada.jpg
2019.09.08 10:39 B C:\amilton\definitivo\front\build\img\avenida_logo.jpg --> ftp.cota.com.br /public_html/docs/a/build/img avenida_logo.jpg
2019.09.08 10:39 B C:\amilton\definitivo\front\build\img\banner1.jpg --> ftp.cota.com.br /public_html/docs/a/build/img banner1.jpg
2019.09.08 10:39 B C:\amilton\definitivo\front\build\img\banner2.jpg --> ftp.cota.com.br /public_html/docs/a/build/img banner2.jpg
2019.09.08 10:39 B C:\amilton\definitivo\front\build\img\bg.jpg --> ftp.cota.com.br /public_html/docs/a/build/img bg.jpg
2019.09.08 10:39 B C:\amilton\definitivo\front\build\img\Bliss logo v1 pequena.png --> ftp.cota.com.br /public_html/docs/a/build/img Bliss logo v1 pequena.png
2019.09.08 10:39 B C:\amilton\definitivo\front\build\img\cambirela_fachada01.jpg --> ftp.cota.com.br /public_html/docs/a/build/img cambirela_fachada01.jpg
2019.09.08 10:39 B C:\amilton\definitivo\front\build\img\cambirela_logo.jpg --> ftp.cota.com.br /public_html/docs/a/build/img cambirela_logo.jpg
2019.09.08 10:39 B C:\amilton\definitivo\front\build\img\City_Fachada.jpg --> ftp.cota.com.br /public_html/docs/a/build/img City_Fachada.jpg
2019.09.08 10:39 B C:\amilton\definitivo\front\build\img\City_Logo.jpg --> ftp.cota.com.br /public_html/docs/a/build/img City_Logo.jpg
2019.09.08 10:39 B C:\amilton\definitivo\front\build\img\dia mulher 2019.png --> ftp.cota.com.br /public_html/docs/a/build/img dia mulher 2019.png
2019.09.08 10:39 B C:\amilton\definitivo\front\build\img\fim ano 2018 01.PNG --> ftp.cota.com.br /public_html/docs/a/build/img fim ano 2018 01.PNG
2019.09.08 10:39 B C:\amilton\definitivo\front\build\img\fim ano 2018 01x.PNG --> ftp.cota.com.br /public_html/docs/a/build/img fim ano 2018 01x.PNG
2019.09.08 10:39 B C:\amilton\definitivo\front\build\img\fim ano 2018 01xx.png --> ftp.cota.com.br /public_html/docs/a/build/img fim ano 2018 01xx.png
2019.09.08 10:39 B C:\amilton\definitivo\front\build\img\fim ano 2018 02.PNG --> ftp.cota.com.br /public_html/docs/a/build/img fim ano 2018 02.PNG
2019.09.08 10:39 B C:\amilton\definitivo\front\build\img\fim de ano 2017.jpg --> ftp.cota.com.br /public_html/docs/a/build/img fim de ano 2017.jpg
2019.09.08 10:39 B C:\amilton\definitivo\front\build\img\funcoes.html --> ftp.cota.com.br /public_html/docs/a/build/img funcoes.html
2019.09.08 10:39 B C:\amilton\definitivo\front\build\img\greenvillage_fachada1.jpg --> ftp.cota.com.br /public_html/docs/a/build/img greenvillage_fachada1.jpg
2019.09.08 10:39 B C:\amilton\definitivo\front\build\img\greenvillage_logo.jpg --> ftp.cota.com.br /public_html/docs/a/build/img greenvillage_logo.jpg
2019.09.08 10:39 B C:\amilton\definitivo\front\build\img\Horizonte Novo Estreito - Fachada.jpg --> ftp.cota.com.br /public_html/docs/a/build/img Horizonte Novo Estreito - Fachada.jpg
2019.09.08 10:39 B C:\amilton\definitivo\front\build\img\Horizonte Novo Estreito - Logo.jpg --> ftp.cota.com.br /public_html/docs/a/build/img Horizonte Novo Estreito - Logo.jpg
2019.09.08 10:39 B C:\amilton\definitivo\front\build\img\img1.png --> ftp.cota.com.br /public_html/docs/a/build/img img1.png
2019.09.08 10:39 B C:\amilton\definitivo\front\build\img\img2.png --> ftp.cota.com.br /public_html/docs/a/build/img img2.png
2019.09.08 10:39 B C:\amilton\definitivo\front\build\img\img3.png --> ftp.cota.com.br /public_html/docs/a/build/img img3.png
2019.09.08 10:39 B C:\amilton\definitivo\front\build\img\logo-cota.jpg --> ftp.cota.com.br /public_html/docs/a/build/img logo-cota.jpg
2019.09.08 10:39 B C:\amilton\definitivo\front\build\img\logo.png --> ftp.cota.com.br /public_html/docs/a/build/img logo.png
2019.09.08 10:39 B C:\amilton\definitivo\front\build\img\maxflora_fachada001.jpg --> ftp.cota.com.br /public_html/docs/a/build/img maxflora_fachada001.jpg
2019.09.08 10:39 B C:\amilton\definitivo\front\build\img\maxflora_logo.jpg --> ftp.cota.com.br /public_html/docs/a/build/img maxflora_logo.jpg
2019.09.08 10:39 B C:\amilton\definitivo\front\build\img\normas.html --> ftp.cota.com.br /public_html/docs/a/build/img normas.html
2019.09.08 10:39 B C:\amilton\definitivo\front\build\img\organograma.pdf --> ftp.cota.com.br /public_html/docs/a/build/img organograma.pdf
2019.09.08 10:39 B C:\amilton\definitivo\front\build\img\paco_fachada001.jpg --> ftp.cota.com.br /public_html/docs/a/build/img paco_fachada001.jpg
2019.09.08 10:39 B C:\amilton\definitivo\front\build\img\paco_logo.jpg --> ftp.cota.com.br /public_html/docs/a/build/img paco_logo.jpg
2019.09.08 10:39 B C:\amilton\definitivo\front\build\img\parceiro1.png --> ftp.cota.com.br /public_html/docs/a/build/img parceiro1.png
2019.09.08 10:39 B C:\amilton\definitivo\front\build\img\parceiro2.png --> ftp.cota.com.br /public_html/docs/a/build/img parceiro2.png
2019.09.08 10:39 B C:\amilton\definitivo\front\build\img\platanos_fachada001.jpg --> ftp.cota.com.br /public_html/docs/a/build/img platanos_fachada001.jpg
2019.09.08 10:39 B C:\amilton\definitivo\front\build\img\platanos_logo.jpg --> ftp.cota.com.br /public_html/docs/a/build/img platanos_logo.jpg
2019.09.08 10:39 B C:\amilton\definitivo\front\build\img\Porto Mare Residence - Fachada.jpg --> ftp.cota.com.br /public_html/docs/a/build/img Porto Mare Residence - Fachada.jpg
2019.09.08 10:39 B C:\amilton\definitivo\front\build\img\Porto Mare Residence - Logo.jpg --> ftp.cota.com.br /public_html/docs/a/build/img Porto Mare Residence - Logo.jpg
2019.09.08 10:39 B C:\amilton\definitivo\front\build\img\Punta Blu Mall Boutique Fachada .jpg --> ftp.cota.com.br /public_html/docs/a/build/img Punta Blu Mall Boutique Fachada .jpg
2019.09.08 10:39 B C:\amilton\definitivo\front\build\img\Punta Blu Mall Boutique Logo .jpg --> ftp.cota.com.br /public_html/docs/a/build/img Punta Blu Mall Boutique Logo .jpg
2019.09.08 10:39 B C:\amilton\definitivo\front\build\img\Punta Blu Residence Fachada.jpg --> ftp.cota.com.br /public_html/docs/a/build/img Punta Blu Residence Fachada.jpg
2019.09.08 10:39 B C:\amilton\definitivo\front\build\img\Punta Blu Residence Logo.jpg --> ftp.cota.com.br /public_html/docs/a/build/img Punta Blu Residence Logo.jpg
2019.09.08 10:39 B C:\amilton\definitivo\front\build\img\SolarDeGaia - Fachada.jpg --> ftp.cota.com.br /public_html/docs/a/build/img SolarDeGaia - Fachada.jpg
2019.09.08 10:39 B C:\amilton\definitivo\front\build\img\SolarDeGaia - Logo.jpg --> ftp.cota.com.br /public_html/docs/a/build/img SolarDeGaia - Logo.jpg
2019.09.08 10:39 B C:\amilton\definitivo\front\build\img\sunvillage_fachada001.jpg --> ftp.cota.com.br /public_html/docs/a/build/img sunvillage_fachada001.jpg
2019.09.08 10:39 B C:\amilton\definitivo\front\build\img\sunvillage_logo.jpg --> ftp.cota.com.br /public_html/docs/a/build/img sunvillage_logo.jpg
2019.09.08 10:39 B C:\amilton\definitivo\front\build\img\TheOffice_Fachada.gif --> ftp.cota.com.br /public_html/docs/a/build/img TheOffice_Fachada.gif
2019.09.08 10:39 B C:\amilton\definitivo\front\build\img\TheOffice_Logo.gif --> ftp.cota.com.br /public_html/docs/a/build/img TheOffice_Logo.gif
2019.09.08 10:39 B C:\amilton\definitivo\front\build\img\Thumbs.db --> ftp.cota.com.br /public_html/docs/a/build/img Thumbs.db
2019.09.08 10:39 B C:\amilton\definitivo\front\build\img\Urban Classic - Fachada.jpg --> ftp.cota.com.br /public_html/docs/a/build/img Urban Classic - Fachada.jpg
2019.09.08 10:39 B C:\amilton\definitivo\front\build\img\Urban Classic - Logo.jpg --> ftp.cota.com.br /public_html/docs/a/build/img Urban Classic - Logo.jpg
2019.09.08 10:39 B C:\amilton\definitivo\front\build\img\Vivaz Condominio Jardim - Fachada.jpg --> ftp.cota.com.br /public_html/docs/a/build/img Vivaz Condominio Jardim - Fachada.jpg
2019.09.08 10:39 B C:\amilton\definitivo\front\build\img\Vivaz Condominio Jardim - Logo.jpg --> ftp.cota.com.br /public_html/docs/a/build/img Vivaz Condominio Jardim - Logo.jpg
2019.09.08 10:39 B C:\amilton\definitivo\front\build\img\vivaz logo.jpg --> ftp.cota.com.br /public_html/docs/a/build/img vivaz logo.jpg
